[2019-10-31 18:21:59] production.ERROR: SQLSTATE[HY000] [1044] Access denied for user ''@'localhost' to database 'forge' (SQL: select * from `modules` where (`name` = User) limit 1) {"exception":"[object] (Illuminate\\Database\\QueryException(code: 1044): SQLSTATE[HY000] [1044] Access denied for user ''@'localhost' to database 'forge' (SQL: select * from `modules` where (`name` = User) limit 1) at M:\\Project3rdYear\\Laravel\\Bracketplus with laravel 5.8 with vendor\\vendor\\laravel\\framework\\src\\Illuminate\\Database\\Connection.php:664, PDOException(code: 1044): SQLSTATE[HY000] [1044] Access denied for user ''@'localhost' to database 'forge' at M:\\Project3rdYear\\Laravel\\Bracketplus with laravel 5.8 with vendor\\vendor\\laravel\\framework\\src\\Illuminate\\Database\\Connectors\\Connector.php:70)
[stacktrace]
#0 M:\\Project3rdYear\\Laravel\\Bracketplus with laravel 5.8 with vendor\\vendor\\laravel\\framework\\src\\Illuminate\\Database\\Connection.php(624): Illuminate\\Database\\Connection->runQueryCallback('select * from `...', Array, Object(Closure))
#1 M:\\Project3rdYear\\Laravel\\Bracketplus with laravel 5.8 with vendor\\vendor\\laravel\\framework\\src\\Illuminate\\Database\\Connection.php(333): Illuminate\\Database\\Connection->run('select * from `...', Array, Object(Closure))
#2 M:\\Project3rdYear\\Laravel\\Bracketplus with laravel 5.8 with vendor\\vendor\\laravel\\framework\\src\\Illuminate\\Database\\Query\\Builder.php(2124): Illuminate\\Database\\Connection->select('select * from `...', Array, true)
#3 M:\\Project3rdYear\\Laravel\\Bracketplus with laravel 5.8 with vendor\\vendor\\laravel\\framework\\src\\Illuminate\\Database\\Query\\Builder.php(2112): Illuminate\\Database\\Query\\Builder->runSelect()
#4 M:\\Project3rdYear\\Laravel\\Bracketplus with laravel 5.8 with vendor\\vendor\\laravel\\framework\\src\\Illuminate\\Database\\Query\\Builder.php(2598): Illuminate\\Database\\Query\\Builder->Illuminate\\Database\\Query\\{closure}()
#5 M:\\Project3rdYear\\Laravel\\Bracketplus with laravel 5.8 with vendor\\vendor\\laravel\\framework\\src\\Illuminate\\Database\\Query\\Builder.php(2113): Illuminate\\Database\\Query\\Builder->onceWithColumns(Array, Object(Closure))
#6 M:\\Project3rdYear\\Laravel\\Bracketplus with laravel 5.8 with vendor\\vendor\\laravel\\framework\\src\\Illuminate\\Database\\Eloquent\\Builder.php(521): Illuminate\\Database\\Query\\Builder->get(Array)
#7 M:\\Project3rdYear\\Laravel\\Bracketplus with laravel 5.8 with vendor\\vendor\\laravel\\framework\\src\\Illuminate\\Database\\Eloquent\\Builder.php(505): Illuminate\\Database\\Eloquent\\Builder->getModels(Array)
#8 M:\\Project3rdYear\\Laravel\\Bracketplus with laravel 5.8 with vendor\\vendor\\laravel\\framework\\src\\Illuminate\\Database\\Concerns\\BuildsQueries.php(77): Illuminate\\Database\\Eloquent\\Builder->get(Array)
#9 M:\\Project3rdYear\\Laravel\\Bracketplus with laravel 5.8 with vendor\\vendor\\laravel\\framework\\src\\Illuminate\\Database\\Eloquent\\Builder.php(417): Illuminate\\Database\\Eloquent\\Builder->first()
#10 M:\\Project3rdYear\\Laravel\\Bracketplus with laravel 5.8 with vendor\\vendor\\laravel\\framework\\src\\Illuminate\\Support\\Traits\\ForwardsCalls.php(23): Illuminate\\Database\\Eloquent\\Builder->firstOrCreate(Array)
#11 M:\\Project3rdYear\\Laravel\\Bracketplus with laravel 5.8 with vendor\\vendor\\laravel\\framework\\src\\Illuminate\\Database\\Eloquent\\Model.php(1614): Illuminate\\Database\\Eloquent\\Model->forwardCallTo(Object(Illuminate\\Database\\Eloquent\\Builder), 'firstOrCreate', Array)
#12 M:\\Project3rdYear\\Laravel\\Bracketplus with laravel 5.8 with vendor\\vendor\\laravel\\framework\\src\\Illuminate\\Database\\Eloquent\\Model.php(1626): Illuminate\\Database\\Eloquent\\Model->__call('firstOrCreate', Array)
#13 M:\\Project3rdYear\\Laravel\\Bracketplus with laravel 5.8 with vendor\\database\\seeds\\DatabaseSeeder.php(24): Illuminate\\Database\\Eloquent\\Model::__callStatic('firstOrCreate', Array)
#14 [internal function]: DatabaseSeeder->run()
#15 M:\\Project3rdYear\\Laravel\\Bracketplus with laravel 5.8 with vendor\\vendor\\laravel\\framework\\src\\Illuminate\\Container\\BoundMethod.php(32): call_user_func_array(Array, Array)
#16 M:\\Project3rdYear\\Laravel\\Bracketplus with laravel 5.8 with vendor\\vendor\\laravel\\framework\\src\\Illuminate\\Container\\BoundMethod.php(90): Illuminate\\Container\\BoundMethod::Illuminate\\Container\\{closure}()
#17 M:\\Project3rdYear\\Laravel\\Bracketplus with laravel 5.8 with vendor\\vendor\\laravel\\framework\\src\\Illuminate\\Container\\BoundMethod.php(34): Illuminate\\Container\\BoundMethod::callBoundMethod(Object(Illuminate\\Foundation\\Application), Array, Object(Closure))
#18 M:\\Project3rdYear\\Laravel\\Bracketplus with laravel 5.8 with vendor\\vendor\\laravel\\framework\\src\\Illuminate\\Container\\Container.php(576): Illuminate\\Container\\BoundMethod::call(Object(Illuminate\\Foundation\\Application), Array, Array, NULL)
#19 M:\\Project3rdYear\\Laravel\\Bracketplus with laravel 5.8 with vendor\\vendor\\laravel\\framework\\src\\Illuminate\\Database\\Seeder.php(122): Illuminate\\Container\\Container->call(Array)
#20 M:\\Project3rdYear\\Laravel\\Bracketplus with laravel 5.8 with vendor\\vendor\\laravel\\framework\\src\\Illuminate\\Database\\Console\\Seeds\\SeedCommand.php(63): Illuminate\\Database\\Seeder->__invoke()
#21 M:\\Project3rdYear\\Laravel\\Bracketplus with laravel 5.8 with vendor\\vendor\\laravel\\framework\\src\\Illuminate\\Database\\Eloquent\\Concerns\\GuardsAttributes.php(122): Illuminate\\Database\\Console\\Seeds\\SeedCommand->Illuminate\\Database\\Console\\Seeds\\{closure}()
#22 M:\\Project3rdYear\\Laravel\\Bracketplus with laravel 5.8 with vendor\\vendor\\laravel\\framework\\src\\Illuminate\\Database\\Console\\Seeds\\SeedCommand.php(64): Illuminate\\Database\\Eloquent\\Model::unguarded(Object(Closure))
#23 [internal function]: Illuminate\\Database\\Console\\Seeds\\SeedCommand->handle()
#24 M:\\Project3rdYear\\Laravel\\Bracketplus with laravel 5.8 with vendor\\vendor\\laravel\\framework\\src\\Illuminate\\Container\\BoundMethod.php(32): call_user_func_array(Array, Array)
#25 M:\\Project3rdYear\\Laravel\\Bracketplus with laravel 5.8 with vendor\\vendor\\laravel\\framework\\src\\Illuminate\\Container\\BoundMethod.php(90): Illuminate\\Container\\BoundMethod::Illuminate\\Container\\{closure}()
#26 M:\\Project3rdYear\\Laravel\\Bracketplus with laravel 5.8 with vendor\\vendor\\laravel\\framework\\src\\Illuminate\\Container\\BoundMethod.php(34): Illuminate\\Container\\BoundMethod::callBoundMethod(Object(Illuminate\\Foundation\\Application), Array, Object(Closure))
#27 M:\\Project3rdYear\\Laravel\\Bracketplus with laravel 5.8 with vendor\\vendor\\laravel\\framework\\src\\Illuminate\\Container\\Container.php(576): Illuminate\\Container\\BoundMethod::call(Object(Illuminate\\Foundation\\Application), Array, Array, NULL)
#28 M:\\Project3rdYear\\Laravel\\Bracketplus with laravel 5.8 with vendor\\vendor\\laravel\\framework\\src\\Illuminate\\Console\\Command.php(183): Illuminate\\Container\\Container->call(Array)
#29 M:\\Project3rdYear\\Laravel\\Bracketplus with laravel 5.8 with vendor\\vendor\\symfony\\console\\Command\\Command.php(255): Illuminate\\Console\\Command->execute(Object(Symfony\\Component\\Console\\Input\\ArgvInput), Object(Illuminate\\Console\\OutputStyle))
#30 M:\\Project3rdYear\\Laravel\\Bracketplus with laravel 5.8 with vendor\\vendor\\laravel\\framework\\src\\Illuminate\\Console\\Command.php(170): Symfony\\Component\\Console\\Command\\Command->run(Object(Symfony\\Component\\Console\\Input\\ArgvInput), Object(Illuminate\\Console\\OutputStyle))
#31 M:\\Project3rdYear\\Laravel\\Bracketplus with laravel 5.8 with vendor\\vendor\\symfony\\console\\Application.php(908): Illuminate\\Console\\Command->run(Object(Symfony\\Component\\Console\\Input\\ArgvInput), Object(Symfony\\Component\\Console\\Output\\ConsoleOutput))
#32 M:\\Project3rdYear\\Laravel\\Bracketplus with laravel 5.8 with vendor\\vendor\\symfony\\console\\Application.php(269): Symfony\\Component\\Console\\Application->doRunCommand(Object(Illuminate\\Database\\Console\\Seeds\\SeedCommand), Object(Symfony\\Component\\Console\\Input\\ArgvInput), Object(Symfony\\Component\\Console\\Output\\ConsoleOutput))
#33 M:\\Project3rdYear\\Laravel\\Bracketplus with laravel 5.8 with vendor\\vendor\\symfony\\console\\Application.php(145): Symfony\\Component\\Console\\Application->doRun(Object(Symfony\\Component\\Console\\Input\\ArgvInput), Object(Symfony\\Component\\Console\\Output\\ConsoleOutput))
#34 M:\\Project3rdYear\\Laravel\\Bracketplus with laravel 5.8 with vendor\\vendor\\laravel\\framework\\src\\Illuminate\\Console\\Application.php(90): Symfony\\Component\\Console\\Application->run(Object(Symfony\\Component\\Console\\Input\\ArgvInput), Object(Symfony\\Component\\Console\\Output\\ConsoleOutput))
#35 M:\\Project3rdYear\\Laravel\\Bracketplus with laravel 5.8 with vendor\\vendor\\laravel\\framework\\src\\Illuminate\\Foundation\\Console\\Kernel.php(122): Illuminate\\Console\\Application->run(Object(Symfony\\Component\\Console\\Input\\ArgvInput), Object(Symfony\\Component\\Console\\Output\\ConsoleOutput))
#36 M:\\Project3rdYear\\Laravel\\Bracketplus with laravel 5.8 with vendor\\artisan(37): Illuminate\\Foundation\\Console\\Kernel->handle(Object(Symfony\\Component\\Console\\Input\\ArgvInput), Object(Symfony\\Component\\Console\\Output\\ConsoleOutput))
#37 {main}
"} 
[2019-10-31 18:37:02] local.ERROR: SQLSTATE[42S02]: Base table or view not found: 1146 Table 'chessphp.modules' doesn't exist (SQL: select * from `modules` where (`name` = User) limit 1) {"exception":"[object] (Illuminate\\Database\\QueryException(code: 42S02): SQLSTATE[42S02]: Base table or view not found: 1146 Table 'chessphp.modules' doesn't exist (SQL: select * from `modules` where (`name` = User) limit 1) at M:\\Project3rdYear\\Laravel\\Bracketplus with laravel 5.8 with vendor\\vendor\\laravel\\framework\\src\\Illuminate\\Database\\Connection.php:664, PDOException(code: 42S02): SQLSTATE[42S02]: Base table or view not found: 1146 Table 'chessphp.modules' doesn't exist at M:\\Project3rdYear\\Laravel\\Bracketplus with laravel 5.8 with vendor\\vendor\\laravel\\framework\\src\\Illuminate\\Database\\Connection.php:326)
[stacktrace]
#0 M:\\Project3rdYear\\Laravel\\Bracketplus with laravel 5.8 with vendor\\vendor\\laravel\\framework\\src\\Illuminate\\Database\\Connection.php(624): Illuminate\\Database\\Connection->runQueryCallback('select * from `...', Array, Object(Closure))
#1 M:\\Project3rdYear\\Laravel\\Bracketplus with laravel 5.8 with vendor\\vendor\\laravel\\framework\\src\\Illuminate\\Database\\Connection.php(333): Illuminate\\Database\\Connection->run('select * from `...', Array, Object(Closure))
#2 M:\\Project3rdYear\\Laravel\\Bracketplus with laravel 5.8 with vendor\\vendor\\laravel\\framework\\src\\Illuminate\\Database\\Query\\Builder.php(2124): Illuminate\\Database\\Connection->select('select * from `...', Array, true)
#3 M:\\Project3rdYear\\Laravel\\Bracketplus with laravel 5.8 with vendor\\vendor\\laravel\\framework\\src\\Illuminate\\Database\\Query\\Builder.php(2112): Illuminate\\Database\\Query\\Builder->runSelect()
#4 M:\\Project3rdYear\\Laravel\\Bracketplus with laravel 5.8 with vendor\\vendor\\laravel\\framework\\src\\Illuminate\\Database\\Query\\Builder.php(2598): Illuminate\\Database\\Query\\Builder->Illuminate\\Database\\Query\\{closure}()
#5 M:\\Project3rdYear\\Laravel\\Bracketplus with laravel 5.8 with vendor\\vendor\\laravel\\framework\\src\\Illuminate\\Database\\Query\\Builder.php(2113): Illuminate\\Database\\Query\\Builder->onceWithColumns(Array, Object(Closure))
#6 M:\\Project3rdYear\\Laravel\\Bracketplus with laravel 5.8 with vendor\\vendor\\laravel\\framework\\src\\Illuminate\\Database\\Eloquent\\Builder.php(521): Illuminate\\Database\\Query\\Builder->get(Array)
#7 M:\\Project3rdYear\\Laravel\\Bracketplus with laravel 5.8 with vendor\\vendor\\laravel\\framework\\src\\Illuminate\\Database\\Eloquent\\Builder.php(505): Illuminate\\Database\\Eloquent\\Builder->getModels(Array)
#8 M:\\Project3rdYear\\Laravel\\Bracketplus with laravel 5.8 with vendor\\vendor\\laravel\\framework\\src\\Illuminate\\Database\\Concerns\\BuildsQueries.php(77): Illuminate\\Database\\Eloquent\\Builder->get(Array)
#9 M:\\Project3rdYear\\Laravel\\Bracketplus with laravel 5.8 with vendor\\vendor\\laravel\\framework\\src\\Illuminate\\Database\\Eloquent\\Builder.php(417): Illuminate\\Database\\Eloquent\\Builder->first()
#10 M:\\Project3rdYear\\Laravel\\Bracketplus with laravel 5.8 with vendor\\vendor\\laravel\\framework\\src\\Illuminate\\Support\\Traits\\ForwardsCalls.php(23): Illuminate\\Database\\Eloquent\\Builder->firstOrCreate(Array)
#11 M:\\Project3rdYear\\Laravel\\Bracketplus with laravel 5.8 with vendor\\vendor\\laravel\\framework\\src\\Illuminate\\Database\\Eloquent\\Model.php(1614): Illuminate\\Database\\Eloquent\\Model->forwardCallTo(Object(Illuminate\\Database\\Eloquent\\Builder), 'firstOrCreate', Array)
#12 M:\\Project3rdYear\\Laravel\\Bracketplus with laravel 5.8 with vendor\\vendor\\laravel\\framework\\src\\Illuminate\\Database\\Eloquent\\Model.php(1626): Illuminate\\Database\\Eloquent\\Model->__call('firstOrCreate', Array)
#13 M:\\Project3rdYear\\Laravel\\Bracketplus with laravel 5.8 with vendor\\database\\seeds\\DatabaseSeeder.php(24): Illuminate\\Database\\Eloquent\\Model::__callStatic('firstOrCreate', Array)
#14 [internal function]: DatabaseSeeder->run()
#15 M:\\Project3rdYear\\Laravel\\Bracketplus with laravel 5.8 with vendor\\vendor\\laravel\\framework\\src\\Illuminate\\Container\\BoundMethod.php(32): call_user_func_array(Array, Array)
#16 M:\\Project3rdYear\\Laravel\\Bracketplus with laravel 5.8 with vendor\\vendor\\laravel\\framework\\src\\Illuminate\\Container\\BoundMethod.php(90): Illuminate\\Container\\BoundMethod::Illuminate\\Container\\{closure}()
#17 M:\\Project3rdYear\\Laravel\\Bracketplus with laravel 5.8 with vendor\\vendor\\laravel\\framework\\src\\Illuminate\\Container\\BoundMethod.php(34): Illuminate\\Container\\BoundMethod::callBoundMethod(Object(Illuminate\\Foundation\\Application), Array, Object(Closure))
#18 M:\\Project3rdYear\\Laravel\\Bracketplus with laravel 5.8 with vendor\\vendor\\laravel\\framework\\src\\Illuminate\\Container\\Container.php(576): Illuminate\\Container\\BoundMethod::call(Object(Illuminate\\Foundation\\Application), Array, Array, NULL)
#19 M:\\Project3rdYear\\Laravel\\Bracketplus with laravel 5.8 with vendor\\vendor\\laravel\\framework\\src\\Illuminate\\Database\\Seeder.php(122): Illuminate\\Container\\Container->call(Array)
#20 M:\\Project3rdYear\\Laravel\\Bracketplus with laravel 5.8 with vendor\\vendor\\laravel\\framework\\src\\Illuminate\\Database\\Console\\Seeds\\SeedCommand.php(63): Illuminate\\Database\\Seeder->__invoke()
#21 M:\\Project3rdYear\\Laravel\\Bracketplus with laravel 5.8 with vendor\\vendor\\laravel\\framework\\src\\Illuminate\\Database\\Eloquent\\Concerns\\GuardsAttributes.php(122): Illuminate\\Database\\Console\\Seeds\\SeedCommand->Illuminate\\Database\\Console\\Seeds\\{closure}()
#22 M:\\Project3rdYear\\Laravel\\Bracketplus with laravel 5.8 with vendor\\vendor\\laravel\\framework\\src\\Illuminate\\Database\\Console\\Seeds\\SeedCommand.php(64): Illuminate\\Database\\Eloquent\\Model::unguarded(Object(Closure))
#23 [internal function]: Illuminate\\Database\\Console\\Seeds\\SeedCommand->handle()
#24 M:\\Project3rdYear\\Laravel\\Bracketplus with laravel 5.8 with vendor\\vendor\\laravel\\framework\\src\\Illuminate\\Container\\BoundMethod.php(32): call_user_func_array(Array, Array)
#25 M:\\Project3rdYear\\Laravel\\Bracketplus with laravel 5.8 with vendor\\vendor\\laravel\\framework\\src\\Illuminate\\Container\\BoundMethod.php(90): Illuminate\\Container\\BoundMethod::Illuminate\\Container\\{closure}()
#26 M:\\Project3rdYear\\Laravel\\Bracketplus with laravel 5.8 with vendor\\vendor\\laravel\\framework\\src\\Illuminate\\Container\\BoundMethod.php(34): Illuminate\\Container\\BoundMethod::callBoundMethod(Object(Illuminate\\Foundation\\Application), Array, Object(Closure))
#27 M:\\Project3rdYear\\Laravel\\Bracketplus with laravel 5.8 with vendor\\vendor\\laravel\\framework\\src\\Illuminate\\Container\\Container.php(576): Illuminate\\Container\\BoundMethod::call(Object(Illuminate\\Foundation\\Application), Array, Array, NULL)
#28 M:\\Project3rdYear\\Laravel\\Bracketplus with laravel 5.8 with vendor\\vendor\\laravel\\framework\\src\\Illuminate\\Console\\Command.php(183): Illuminate\\Container\\Container->call(Array)
#29 M:\\Project3rdYear\\Laravel\\Bracketplus with laravel 5.8 with vendor\\vendor\\symfony\\console\\Command\\Command.php(255): Illuminate\\Console\\Command->execute(Object(Symfony\\Component\\Console\\Input\\ArgvInput), Object(Illuminate\\Console\\OutputStyle))
#30 M:\\Project3rdYear\\Laravel\\Bracketplus with laravel 5.8 with vendor\\vendor\\laravel\\framework\\src\\Illuminate\\Console\\Command.php(170): Symfony\\Component\\Console\\Command\\Command->run(Object(Symfony\\Component\\Console\\Input\\ArgvInput), Object(Illuminate\\Console\\OutputStyle))
#31 M:\\Project3rdYear\\Laravel\\Bracketplus with laravel 5.8 with vendor\\vendor\\symfony\\console\\Application.php(908): Illuminate\\Console\\Command->run(Object(Symfony\\Component\\Console\\Input\\ArgvInput), Object(Symfony\\Component\\Console\\Output\\ConsoleOutput))
#32 M:\\Project3rdYear\\Laravel\\Bracketplus with laravel 5.8 with vendor\\vendor\\symfony\\console\\Application.php(269): Symfony\\Component\\Console\\Application->doRunCommand(Object(Illuminate\\Database\\Console\\Seeds\\SeedCommand), Object(Symfony\\Component\\Console\\Input\\ArgvInput), Object(Symfony\\Component\\Console\\Output\\ConsoleOutput))
#33 M:\\Project3rdYear\\Laravel\\Bracketplus with laravel 5.8 with vendor\\vendor\\symfony\\console\\Application.php(145): Symfony\\Component\\Console\\Application->doRun(Object(Symfony\\Component\\Console\\Input\\ArgvInput), Object(Symfony\\Component\\Console\\Output\\ConsoleOutput))
#34 M:\\Project3rdYear\\Laravel\\Bracketplus with laravel 5.8 with vendor\\vendor\\laravel\\framework\\src\\Illuminate\\Console\\Application.php(90): Symfony\\Component\\Console\\Application->run(Object(Symfony\\Component\\Console\\Input\\ArgvInput), Object(Symfony\\Component\\Console\\Output\\ConsoleOutput))
#35 M:\\Project3rdYear\\Laravel\\Bracketplus with laravel 5.8 with vendor\\vendor\\laravel\\framework\\src\\Illuminate\\Foundation\\Console\\Kernel.php(122): Illuminate\\Console\\Application->run(Object(Symfony\\Component\\Console\\Input\\ArgvInput), Object(Symfony\\Component\\Console\\Output\\ConsoleOutput))
#36 M:\\Project3rdYear\\Laravel\\Bracketplus with laravel 5.8 with vendor\\artisan(37): Illuminate\\Foundation\\Console\\Kernel->handle(Object(Symfony\\Component\\Console\\Input\\ArgvInput), Object(Symfony\\Component\\Console\\Output\\ConsoleOutput))
#37 {main}
"} 
